<?xml version="1.0" encoding="UTF-8"?>
<!-- Generated by org.testng.reporters.JUnitXMLReporter -->
<testsuite ignored="1" hostname="DESKTOP-MVE7KCF" failures="0" tests="2" name="Second Class" time="17.706" errors="0" timestamp="2022-05-29T08:56:55 IST">
  <testcase classname="TestNG_Demo.SecondClass" name="amazon" time="6.607"/>
  <testcase classname="TestNG_Demo.SecondClass" name="flipkart" time="3.777"/>
  <testcase classname="TestNG_Demo.SecondClass" name="zomato" time="0.0">
    <ignored/>
  </testcase> <!-- zomato -->
</testsuite> <!-- Second Class -->
