<?xml version="1.0" encoding="UTF-8"?>
<!-- Generated by org.testng.reporters.JUnitXMLReporter -->
<testsuite ignored="2" hostname="DESKTOP-MVE7KCF" failures="0" tests="2" name="Third Class" time="13.102" errors="0" timestamp="2022-05-29T08:57:08 IST">
  <testcase classname="TestNG_Demo.ThirdClass" name="swiggy" time="3.988"/>
  <testcase classname="TestNG_Demo.ThirdClass" name="cricbuzz" time="5.312"/>
  <testcase classname="TestNG_Demo.ThirdClass" name="dominos" time="0.0">
    <ignored/>
  </testcase> <!-- dominos -->
  <testcase classname="TestNG_Demo.ThirdClass" name="extentreports" time="0.0">
    <ignored/>
  </testcase> <!-- extentreports -->
</testsuite> <!-- Third Class -->
